{"/Users/brad/Projects/prototypes/seen/lib/campaign.js":{"path":"/Users/brad/Projects/prototypes/seen/lib/campaign.js","s":{"1":1,"2":1,"3":1,"4":1,"5":1,"6":1,"7":1,"8":1,"9":2,"10":2,"11":2,"12":0,"13":1,"14":0,"15":0,"16":0,"17":0,"18":0,"19":0,"20":0,"21":0,"22":0,"23":0,"24":0,"25":0,"26":0,"27":0,"28":0,"29":0,"30":0,"31":0,"32":0,"33":0,"34":0,"35":0,"36":0,"37":0,"38":0,"39":0,"40":0,"41":0,"42":1,"43":0,"44":1},"b":{"1":[0,0],"2":[0,0],"3":[0,0],"4":[0,0],"5":[0,0],"6":[0,0],"7":[0,0]},"f":{"1":1,"2":2,"3":0,"4":0,"5":0,"6":0,"7":0},"fnMap":{"1":{"name":"(anonymous_1)","line":7,"loc":{"start":{"line":7,"column":15},"end":{"line":7,"column":29}}},"2":{"name":"(anonymous_2)","line":16,"loc":{"start":{"line":16,"column":26},"end":{"line":16,"column":38}}},"3":{"name":"(anonymous_3)","line":20,"loc":{"start":{"line":20,"column":27},"end":{"line":20,"column":43}}},"4":{"name":"(anonymous_4)","line":26,"loc":{"start":{"line":26,"column":29},"end":{"line":26,"column":61}}},"5":{"name":"(anonymous_5)","line":34,"loc":{"start":{"line":34,"column":21},"end":{"line":34,"column":37}}},"6":{"name":"(anonymous_6)","line":55,"loc":{"start":{"line":55,"column":43},"end":{"line":55,"column":60}}},"7":{"name":"(anonymous_7)","line":86,"loc":{"start":{"line":86,"column":20},"end":{"line":86,"column":42}}}},"statementMap":{"1":{"start":{"line":1,"column":0},"end":{"line":1,"column":31}},"2":{"start":{"line":2,"column":0},"end":{"line":2,"column":27}},"3":{"start":{"line":5,"column":0},"end":{"line":5,"column":20}},"4":{"start":{"line":7,"column":0},"end":{"line":13,"column":2}},"5":{"start":{"line":8,"column":2},"end":{"line":8,"column":23}},"6":{"start":{"line":10,"column":2},"end":{"line":10,"column":14}},"7":{"start":{"line":12,"column":2},"end":{"line":12,"column":14}},"8":{"start":{"line":16,"column":0},"end":{"line":23,"column":2}},"9":{"start":{"line":17,"column":2},"end":{"line":17,"column":18}},"10":{"start":{"line":18,"column":2},"end":{"line":18,"column":45}},"11":{"start":{"line":20,"column":2},"end":{"line":22,"column":5}},"12":{"start":{"line":21,"column":4},"end":{"line":21,"column":21}},"13":{"start":{"line":26,"column":0},"end":{"line":83,"column":2}},"14":{"start":{"line":27,"column":2},"end":{"line":27,"column":18}},"15":{"start":{"line":28,"column":2},"end":{"line":28,"column":36}},"16":{"start":{"line":30,"column":2},"end":{"line":30,"column":46}},"17":{"start":{"line":30,"column":22},"end":{"line":30,"column":46}},"18":{"start":{"line":32,"column":2},"end":{"line":32,"column":47}},"19":{"start":{"line":32,"column":22},"end":{"line":32,"column":47}},"20":{"start":{"line":34,"column":2},"end":{"line":82,"column":5}},"21":{"start":{"line":35,"column":4},"end":{"line":35,"column":28}},"22":{"start":{"line":37,"column":4},"end":{"line":40,"column":6}},"23":{"start":{"line":42,"column":4},"end":{"line":50,"column":5}},"24":{"start":{"line":43,"column":6},"end":{"line":43,"column":29}},"25":{"start":{"line":45,"column":6},"end":{"line":49,"column":7}},"26":{"start":{"line":46,"column":8},"end":{"line":46,"column":45}},"27":{"start":{"line":47,"column":13},"end":{"line":49,"column":7}},"28":{"start":{"line":48,"column":8},"end":{"line":48,"column":43}},"29":{"start":{"line":52,"column":4},"end":{"line":52,"column":75}},"30":{"start":{"line":54,"column":4},"end":{"line":54,"column":25}},"31":{"start":{"line":55,"column":4},"end":{"line":80,"column":7}},"32":{"start":{"line":57,"column":6},"end":{"line":57,"column":33}},"33":{"start":{"line":59,"column":6},"end":{"line":68,"column":7}},"34":{"start":{"line":60,"column":8},"end":{"line":60,"column":31}},"35":{"start":{"line":62,"column":8},"end":{"line":67,"column":9}},"36":{"start":{"line":63,"column":10},"end":{"line":63,"column":51}},"37":{"start":{"line":64,"column":10},"end":{"line":65,"column":8}},"38":{"start":{"line":65,"column":15},"end":{"line":67,"column":9}},"39":{"start":{"line":66,"column":10},"end":{"line":66,"column":52}},"40":{"start":{"line":79,"column":6},"end":{"line":79,"column":17}},"41":{"start":{"line":81,"column":4},"end":{"line":81,"column":28}},"42":{"start":{"line":86,"column":0},"end":{"line":91,"column":2}},"43":{"start":{"line":87,"column":2},"end":{"line":90,"column":5}},"44":{"start":{"line":93,"column":0},"end":{"line":93,"column":26}}},"branchMap":{"1":{"line":30,"type":"if","locations":[{"start":{"line":30,"column":2},"end":{"line":30,"column":2}},{"start":{"line":30,"column":2},"end":{"line":30,"column":2}}]},"2":{"line":32,"type":"if","locations":[{"start":{"line":32,"column":2},"end":{"line":32,"column":2}},{"start":{"line":32,"column":2},"end":{"line":32,"column":2}}]},"3":{"line":45,"type":"if","locations":[{"start":{"line":45,"column":6},"end":{"line":45,"column":6}},{"start":{"line":45,"column":6},"end":{"line":45,"column":6}}]},"4":{"line":47,"type":"if","locations":[{"start":{"line":47,"column":13},"end":{"line":47,"column":13}},{"start":{"line":47,"column":13},"end":{"line":47,"column":13}}]},"5":{"line":62,"type":"if","locations":[{"start":{"line":62,"column":8},"end":{"line":62,"column":8}},{"start":{"line":62,"column":8},"end":{"line":62,"column":8}}]},"6":{"line":62,"type":"binary-expr","locations":[{"start":{"line":62,"column":11},"end":{"line":62,"column":52}},{"start":{"line":62,"column":56},"end":{"line":62,"column":100}}]},"7":{"line":65,"type":"if","locations":[{"start":{"line":65,"column":15},"end":{"line":65,"column":15}},{"start":{"line":65,"column":15},"end":{"line":65,"column":15}}]}}},"/Users/brad/Projects/prototypes/seen/lib/api.js":{"path":"/Users/brad/Projects/prototypes/seen/lib/api.js","s":{"1":1,"2":1,"3":1,"4":1,"5":1,"6":0,"7":0,"8":0,"9":0,"10":0,"11":1,"12":2,"13":2,"14":0,"15":2,"16":0,"17":0,"18":0,"19":1},"b":{"1":[0,0],"2":[0,2],"3":[0,0],"4":[0,0]},"f":{"1":1,"2":0,"3":0,"4":2,"5":0},"fnMap":{"1":{"name":"(anonymous_1)","line":3,"loc":{"start":{"line":3,"column":10},"end":{"line":3,"column":22}}},"2":{"name":"(anonymous_2)","line":9,"loc":{"start":{"line":9,"column":21},"end":{"line":9,"column":52}}},"3":{"name":"(anonymous_3)","line":17,"loc":{"start":{"line":17,"column":5},"end":{"line":17,"column":31}}},"4":{"name":"(anonymous_4)","line":26,"loc":{"start":{"line":26,"column":20},"end":{"line":26,"column":50}}},"5":{"name":"(anonymous_5)","line":34,"loc":{"start":{"line":34,"column":5},"end":{"line":34,"column":31}}}},"statementMap":{"1":{"start":{"line":1,"column":0},"end":{"line":1,"column":33}},"2":{"start":{"line":3,"column":0},"end":{"line":7,"column":2}},"3":{"start":{"line":4,"column":2},"end":{"line":4,"column":55}},"4":{"start":{"line":6,"column":2},"end":{"line":6,"column":14}},"5":{"start":{"line":9,"column":0},"end":{"line":24,"column":2}},"6":{"start":{"line":10,"column":2},"end":{"line":10,"column":36}},"7":{"start":{"line":12,"column":2},"end":{"line":23,"column":5}},"8":{"start":{"line":18,"column":4},"end":{"line":22,"column":5}},"9":{"start":{"line":19,"column":6},"end":{"line":19,"column":34}},"10":{"start":{"line":21,"column":6},"end":{"line":21,"column":17}},"11":{"start":{"line":26,"column":0},"end":{"line":42,"column":2}},"12":{"start":{"line":27,"column":2},"end":{"line":27,"column":36}},"13":{"start":{"line":29,"column":2},"end":{"line":29,"column":53}},"14":{"start":{"line":29,"column":22},"end":{"line":29,"column":53}},"15":{"start":{"line":31,"column":2},"end":{"line":41,"column":5}},"16":{"start":{"line":36,"column":4},"end":{"line":40,"column":5}},"17":{"start":{"line":37,"column":6},"end":{"line":37,"column":34}},"18":{"start":{"line":39,"column":6},"end":{"line":39,"column":17}},"19":{"start":{"line":44,"column":0},"end":{"line":44,"column":21}}},"branchMap":{"1":{"line":18,"type":"if","locations":[{"start":{"line":18,"column":4},"end":{"line":18,"column":4}},{"start":{"line":18,"column":4},"end":{"line":18,"column":4}}]},"2":{"line":29,"type":"if","locations":[{"start":{"line":29,"column":2},"end":{"line":29,"column":2}},{"start":{"line":29,"column":2},"end":{"line":29,"column":2}}]},"3":{"line":36,"type":"if","locations":[{"start":{"line":36,"column":4},"end":{"line":36,"column":4}},{"start":{"line":36,"column":4},"end":{"line":36,"column":4}}]},"4":{"line":36,"type":"binary-expr","locations":[{"start":{"line":36,"column":7},"end":{"line":36,"column":11}},{"start":{"line":36,"column":15},"end":{"line":36,"column":37}}]}}}}