TN:
SF:/Users/brad/Projects/prototypes/seen/lib/campaign.js
FN:7,(anonymous_1)
FN:16,(anonymous_2)
FN:20,(anonymous_3)
FN:26,(anonymous_4)
FN:34,(anonymous_5)
FN:55,(anonymous_6)
FN:86,(anonymous_7)
FNF:7
FNH:2
FNDA:1,(anonymous_1)
FNDA:2,(anonymous_2)
FNDA:0,(anonymous_3)
FNDA:0,(anonymous_4)
FNDA:0,(anonymous_5)
FNDA:0,(anonymous_6)
FNDA:0,(anonymous_7)
DA:1,1
DA:2,1
DA:5,1
DA:7,1
DA:8,1
DA:10,1
DA:12,1
DA:16,1
DA:17,2
DA:18,2
DA:20,2
DA:21,0
DA:26,1
DA:27,0
DA:28,0
DA:30,0
DA:32,0
DA:34,0
DA:35,0
DA:37,0
DA:42,0
DA:43,0
DA:45,0
DA:46,0
DA:47,0
DA:48,0
DA:52,0
DA:54,0
DA:55,0
DA:57,0
DA:59,0
DA:60,0
DA:62,0
DA:63,0
DA:64,0
DA:65,0
DA:66,0
DA:79,0
DA:81,0
DA:86,1
DA:87,0
DA:93,1
LF:42
LH:14
BRDA:30,1,0,0
BRDA:30,1,1,0
BRDA:32,2,0,0
BRDA:32,2,1,0
BRDA:45,3,0,0
BRDA:45,3,1,0
BRDA:47,4,0,0
BRDA:47,4,1,0
BRDA:62,5,0,0
BRDA:62,5,1,0
BRDA:62,6,0,0
BRDA:62,6,1,0
BRDA:65,7,0,0
BRDA:65,7,1,0
BRF:14
BRH:0
end_of_record
TN:
SF:/Users/brad/Projects/prototypes/seen/lib/api.js
FN:3,(anonymous_1)
FN:9,(anonymous_2)
FN:17,(anonymous_3)
FN:26,(anonymous_4)
FN:34,(anonymous_5)
FNF:5
FNH:2
FNDA:1,(anonymous_1)
FNDA:0,(anonymous_2)
FNDA:0,(anonymous_3)
FNDA:2,(anonymous_4)
FNDA:0,(anonymous_5)
DA:1,1
DA:3,1
DA:4,1
DA:6,1
DA:9,1
DA:10,0
DA:12,0
DA:18,0
DA:19,0
DA:21,0
DA:26,1
DA:27,2
DA:29,2
DA:31,2
DA:36,0
DA:37,0
DA:39,0
DA:44,1
LF:18
LH:10
BRDA:18,1,0,0
BRDA:18,1,1,0
BRDA:29,2,0,0
BRDA:29,2,1,2
BRDA:36,3,0,0
BRDA:36,3,1,0
BRDA:36,4,0,0
BRDA:36,4,1,0
BRF:8
BRH:1
end_of_record
