TN:
SF:/Users/brad/Projects/prototypes/seen/lib/campaign.js
FN:4,(anonymous_1)
FN:8,(anonymous_2)
FNF:2
FNH:1
FNDA:2,(anonymous_1)
FNDA:0,(anonymous_2)
DA:1,1
DA:2,1
DA:4,1
DA:5,2
DA:6,2
DA:8,2
DA:9,0
DA:12,2
DA:16,1
DA:18,1
LF:10
LH:9
BRF:0
BRH:0
end_of_record
TN:
SF:/Users/brad/Projects/prototypes/seen/lib/api.js
FN:14,(anonymous_1)
FN:27,(anonymous_2)
FN:40,(anonymous_3)
FN:54,(anonymous_4)
FN:58,(anonymous_5)
FN:66,(anonymous_6)
FNF:6
FNH:1
FNDA:0,(anonymous_1)
FNDA:0,(anonymous_2)
FNDA:4,(anonymous_3)
FNDA:0,(anonymous_4)
FNDA:0,(anonymous_5)
FNDA:0,(anonymous_6)
DA:1,1
DA:2,1
DA:3,1
DA:7,1
DA:10,1
DA:14,1
DA:15,0
DA:16,0
DA:19,0
DA:21,0
DA:28,0
DA:29,0
DA:30,0
DA:31,0
DA:32,0
DA:33,0
DA:40,1
DA:41,4
DA:42,4
DA:45,4
DA:46,0
DA:50,4
DA:55,0
DA:58,4
DA:59,0
DA:60,0
DA:66,1
DA:67,0
DA:68,0
DA:69,0
DA:70,0
DA:72,0
DA:76,1
LF:33
LH:14
BRDA:28,1,0,0
BRDA:28,1,1,0
BRDA:30,2,0,0
BRDA:30,2,1,0
BRDA:45,3,0,0
BRDA:45,3,1,4
BRDA:69,4,0,0
BRDA:69,4,1,0
BRF:8
BRH:1
end_of_record
TN:
SF:/Users/brad/Projects/prototypes/seen/lib/entries.js
FN:5,(anonymous_1)
FN:9,(anonymous_2)
FN:17,(anonymous_3)
FN:21,(anonymous_4)
FN:27,(anonymous_5)
FN:53,(anonymous_6)
FN:76,(anonymous_7)
FN:77,(anonymous_8)
FN:85,(anonymous_9)
FN:88,(anonymous_10)
FN:106,(anonymous_11)
FN:108,(anonymous_12)
FN:122,(anonymous_13)
FNF:13
FNH:1
FNDA:2,(anonymous_1)
FNDA:0,(anonymous_2)
FNDA:0,(anonymous_3)
FNDA:0,(anonymous_4)
FNDA:0,(anonymous_5)
FNDA:0,(anonymous_6)
FNDA:0,(anonymous_7)
FNDA:0,(anonymous_8)
FNDA:0,(anonymous_9)
FNDA:0,(anonymous_10)
FNDA:0,(anonymous_11)
FNDA:0,(anonymous_12)
FNDA:0,(anonymous_13)
DA:1,1
DA:2,1
DA:5,1
DA:6,2
DA:7,2
DA:9,2
DA:10,0
DA:13,2
DA:17,1
DA:18,0
DA:19,0
DA:21,0
DA:22,0
DA:27,1
DA:28,0
DA:30,0
DA:32,0
DA:33,0
DA:35,0
DA:36,0
DA:38,0
DA:39,0
DA:41,0
DA:42,0
DA:44,0
DA:45,0
DA:47,0
DA:50,0
DA:53,1
DA:54,0
DA:55,0
DA:58,0
DA:64,0
DA:65,0
DA:66,0
DA:67,0
DA:68,0
DA:69,0
DA:73,0
DA:74,0
DA:76,0
DA:77,0
DA:78,0
DA:82,0
DA:85,1
DA:86,0
DA:88,0
DA:89,0
DA:90,0
DA:92,0
DA:93,0
DA:95,0
DA:96,0
DA:97,0
DA:98,0
DA:102,0
DA:106,1
DA:108,0
DA:109,0
DA:110,0
DA:112,0
DA:113,0
DA:117,0
DA:122,1
DA:123,0
DA:124,0
DA:125,0
DA:126,0
DA:128,0
DA:129,0
DA:130,0
DA:133,0
DA:137,1
DA:140,1
LF:74
LH:15
BRDA:30,1,0,0
BRDA:30,1,1,0
BRDA:30,1,2,0
BRDA:30,1,3,0
BRDA:30,1,4,0
BRDA:30,1,5,0
BRDA:66,2,0,0
BRDA:66,2,1,0
BRDA:68,3,0,0
BRDA:68,3,1,0
BRDA:95,4,0,0
BRDA:95,4,1,0
BRDA:95,5,0,0
BRDA:95,5,1,0
BRDA:97,6,0,0
BRDA:97,6,1,0
BRDA:112,7,0,0
BRDA:112,7,1,0
BRDA:123,8,0,0
BRDA:123,8,1,0
BRDA:125,9,0,0
BRDA:125,9,1,0
BRF:22
BRH:0
end_of_record
